<?xml version="1.0" encoding="UTF-8"?>
<!-- Generated by org.testng.reporters.JUnitXMLReporter -->
<testsuite hostname="LAPTOP-BPLU8S0P" failures="0" tests="7" name="inventory" time="113.232" errors="0" timestamp="18 Jan 2021 15:45:55 GMT">
  <testcase classname="com.sauce.demo.flows.InventoryPageFlow" name="verifySauceLabsBackpack" time="12.593"/>
  <testcase classname="com.sauce.demo.flows.InventoryPageFlow" name="verifySauceLabsBoltTShirt" time="17.658"/>
  <testcase classname="com.sauce.demo.flows.InventoryPageFlow" name="verifySauceLabsOnesie" time="12.667"/>
  <testcase classname="com.sauce.demo.flows.InventoryPageFlow" name="verifySauceLabsBikeLight" time="13.176"/>
  <testcase classname="com.sauce.demo.flows.InventoryPageFlow" name="verifySauceLabsFleeceJacket" time="12.631"/>
  <testcase classname="com.sauce.demo.flows.InventoryPageFlow" name="verifyTestallTheThingsTShirtRed" time="12.613"/>
  <testcase classname="com.sauce.demo.flows.InventoryPageFlow" name="ValidateRedTShit" time="31.888"/>
</testsuite> <!-- inventory -->
