<?xml version="1.0" encoding="UTF-8"?>
<!-- Generated by org.testng.reporters.JUnitXMLReporter -->
<testsuite hostname="CITHYDLTP-065" name="Inventories" tests="7" failures="7" timestamp="16 Jan 2021 19:50:28 GMT" time="29.614" errors="0">
  <testcase name="verifySauceLabsBackpack" time="13.521" classname="com.sauce.demo.flows.InventoryPageFlow">
    <failure type="java.lang.NullPointerException">
      <![CDATA[java.lang.NullPointerException
	at com.google.common.base.Preconditions.checkNotNull(Preconditions.java:212)
	at org.openqa.selenium.support.ui.FluentWait.<init>(FluentWait.java:102)
	at org.openqa.selenium.support.ui.WebDriverWait.<init>(WebDriverWait.java:71)
	at org.openqa.selenium.support.ui.WebDriverWait.<init>(WebDriverWait.java:45)
	at com.sauce.demo.actions.CommonActions.getElement(CommonActions.java:44)
	at com.sauce.demoscripts.impl.InventoriesPageImpl.verifySauceLabsBackpack(InventoriesPageImpl.java:20)
	at com.sauce.demo.flows.InventoryPageFlow.verifySauceLabsBackpack(InventoryPageFlow.java:14)
... Removed 24 stack frames]]>
    </failure>
  </testcase> <!-- verifySauceLabsBackpack -->
  <testcase name="verifySauceLabsBoltTShirt" time="13.521" classname="com.sauce.demo.flows.InventoryPageFlow">
    <failure type="java.lang.NullPointerException">
      <![CDATA[java.lang.NullPointerException
	at com.google.common.base.Preconditions.checkNotNull(Preconditions.java:212)
	at org.openqa.selenium.support.ui.FluentWait.<init>(FluentWait.java:102)
	at org.openqa.selenium.support.ui.WebDriverWait.<init>(WebDriverWait.java:71)
	at org.openqa.selenium.support.ui.WebDriverWait.<init>(WebDriverWait.java:45)
	at com.sauce.demo.actions.CommonActions.getElement(CommonActions.java:44)
	at com.sauce.demoscripts.impl.InventoriesPageImpl.verifySauceLabsBoltTShirt(InventoriesPageImpl.java:35)
	at com.sauce.demo.flows.InventoryPageFlow.verifySauceLabsBoltTShirt(InventoryPageFlow.java:19)
... Removed 24 stack frames]]>
    </failure>
  </testcase> <!-- verifySauceLabsBoltTShirt -->
  <testcase name="verifySauceLabsOnesie" time="0.508" classname="com.sauce.demo.flows.InventoryPageFlow">
    <failure type="java.lang.NullPointerException">
      <![CDATA[java.lang.NullPointerException
	at com.google.common.base.Preconditions.checkNotNull(Preconditions.java:212)
	at org.openqa.selenium.support.ui.FluentWait.<init>(FluentWait.java:102)
	at org.openqa.selenium.support.ui.WebDriverWait.<init>(WebDriverWait.java:71)
	at org.openqa.selenium.support.ui.WebDriverWait.<init>(WebDriverWait.java:45)
	at com.sauce.demo.actions.CommonActions.getElement(CommonActions.java:44)
	at com.sauce.demoscripts.impl.InventoriesPageImpl.verifySauceLabsOnesie(InventoriesPageImpl.java:49)
	at com.sauce.demo.flows.InventoryPageFlow.verifySauceLabsOnesie(InventoryPageFlow.java:24)
... Removed 24 stack frames]]>
    </failure>
  </testcase> <!-- verifySauceLabsOnesie -->
  <testcase name="verifySauceLabsBikeLight" time="0.505" classname="com.sauce.demo.flows.InventoryPageFlow">
    <failure type="java.lang.NullPointerException">
      <![CDATA[java.lang.NullPointerException
	at com.google.common.base.Preconditions.checkNotNull(Preconditions.java:212)
	at org.openqa.selenium.support.ui.FluentWait.<init>(FluentWait.java:102)
	at org.openqa.selenium.support.ui.WebDriverWait.<init>(WebDriverWait.java:71)
	at org.openqa.selenium.support.ui.WebDriverWait.<init>(WebDriverWait.java:45)
	at com.sauce.demo.actions.CommonActions.getElement(CommonActions.java:44)
	at com.sauce.demoscripts.impl.InventoriesPageImpl.verifySauceLabsBikeLight(InventoriesPageImpl.java:63)
	at com.sauce.demo.flows.InventoryPageFlow.verifySauceLabsBikeLight(InventoryPageFlow.java:29)
... Removed 24 stack frames]]>
    </failure>
  </testcase> <!-- verifySauceLabsBikeLight -->
  <testcase name="verifySauceLabsFleeceJacket" time="0.508" classname="com.sauce.demo.flows.InventoryPageFlow">
    <failure type="java.lang.NullPointerException">
      <![CDATA[java.lang.NullPointerException
	at com.google.common.base.Preconditions.checkNotNull(Preconditions.java:212)
	at org.openqa.selenium.support.ui.FluentWait.<init>(FluentWait.java:102)
	at org.openqa.selenium.support.ui.WebDriverWait.<init>(WebDriverWait.java:71)
	at org.openqa.selenium.support.ui.WebDriverWait.<init>(WebDriverWait.java:45)
	at com.sauce.demo.actions.CommonActions.getElement(CommonActions.java:44)
	at com.sauce.demoscripts.impl.InventoriesPageImpl.verifySauceLabsFleeceJacket(InventoriesPageImpl.java:77)
	at com.sauce.demo.flows.InventoryPageFlow.verifySauceLabsFleeceJacket(InventoryPageFlow.java:34)
... Removed 24 stack frames]]>
    </failure>
  </testcase> <!-- verifySauceLabsFleeceJacket -->
  <testcase name="verifyTestallTheThingsTShirtRed" time="0.508" classname="com.sauce.demo.flows.InventoryPageFlow">
    <failure type="java.lang.NullPointerException">
      <![CDATA[java.lang.NullPointerException
	at com.google.common.base.Preconditions.checkNotNull(Preconditions.java:212)
	at org.openqa.selenium.support.ui.FluentWait.<init>(FluentWait.java:102)
	at org.openqa.selenium.support.ui.WebDriverWait.<init>(WebDriverWait.java:71)
	at org.openqa.selenium.support.ui.WebDriverWait.<init>(WebDriverWait.java:45)
	at com.sauce.demo.actions.CommonActions.getElement(CommonActions.java:44)
	at com.sauce.demoscripts.impl.InventoriesPageImpl.verifyTestallTheThingsTShirtRed(InventoriesPageImpl.java:91)
	at com.sauce.demo.flows.InventoryPageFlow.verifyTestallTheThingsTShirtRed(InventoryPageFlow.java:39)
... Removed 24 stack frames]]>
    </failure>
  </testcase> <!-- verifyTestallTheThingsTShirtRed -->
  <testcase name="ValidateRedTShit" time="0.51" classname="com.sauce.demo.flows.InventoryPageFlow">
    <failure type="java.lang.NullPointerException">
      <![CDATA[java.lang.NullPointerException
	at com.google.common.base.Preconditions.checkNotNull(Preconditions.java:212)
	at org.openqa.selenium.support.ui.FluentWait.<init>(FluentWait.java:102)
	at org.openqa.selenium.support.ui.WebDriverWait.<init>(WebDriverWait.java:71)
	at org.openqa.selenium.support.ui.WebDriverWait.<init>(WebDriverWait.java:45)
	at com.sauce.demo.actions.CommonActions.getElement(CommonActions.java:44)
	at com.sauce.demoscripts.impl.InventoriesPageImpl.ValidateRedTShit(InventoriesPageImpl.java:103)
	at com.sauce.demo.flows.InventoryPageFlow.ValidateRedTShit(InventoryPageFlow.java:44)
... Removed 24 stack frames]]>
    </failure>
  </testcase> <!-- ValidateRedTShit -->
</testsuite> <!-- Inventories -->
